2020-04-10 00:02:10.565 DEBUG [main] [naukri_Step.searchjob_stepdefinition] [open_the_browser_and_start_url] [naukri_Step.searchjob_stepdefinition.open_the_browser_and_start_url(searchjob_stepdefinition.java:30)] - launch the Naukri
2020-04-10 00:04:59.711 DEBUG [main] [naukri_Step.Login_Step] [user_launch_the_naukri_application] [naukri_Step.Login_Step.user_launch_the_naukri_application(Login_Step.java:30)] - launch the Naukri
2020-04-10 00:06:18.020 DEBUG [main] [naukri_Step.searchjob_stepdefinition] [open_the_browser_and_start_url] [naukri_Step.searchjob_stepdefinition.open_the_browser_and_start_url(searchjob_stepdefinition.java:30)] - launch the Naukri
2020-04-10 00:08:24.316 DEBUG [main] [naukri_Step.Login_Step] [user_launch_the_naukri_application] [naukri_Step.Login_Step.user_launch_the_naukri_application(Login_Step.java:30)] - launch the Naukri
2020-04-10 00:08:27.500 ERROR [main] [naukri_Step.Login_Step] [user_click_login_using_username_and_password] [naukri_Step.Login_Step.user_click_login_using_username_and_password(Login_Step.java:37)] - Details are given
2020-04-10 00:09:26.324 DEBUG [main] [naukri_Step.searchjob_stepdefinition] [open_the_browser_and_start_url] [naukri_Step.searchjob_stepdefinition.open_the_browser_and_start_url(searchjob_stepdefinition.java:30)] - launch the Naukri
2020-04-10 00:09:27.571 ERROR [main] [naukri_Step.searchjob_stepdefinition] [user_can_click_on_the_job] [naukri_Step.searchjob_stepdefinition.user_can_click_on_the_job(searchjob_stepdefinition.java:37)] - search job
2020-04-10 00:09:28.609 ERROR [main] [naukri_Step.searchjob_stepdefinition] [enter_the_job_and_location_fields] [naukri_Step.searchjob_stepdefinition.enter_the_job_and_location_fields(searchjob_stepdefinition.java:43)] - Details are Given
2020-04-10 01:35:48.154 DEBUG [main] [naukri_Step.Login_Step] [user_launch_the_naukri_application] [naukri_Step.Login_Step.user_launch_the_naukri_application(Login_Step.java:30)] - launch the Naukri
2020-04-10 01:35:51.035 ERROR [main] [naukri_Step.Login_Step] [user_click_login_using_username_and_password] [naukri_Step.Login_Step.user_click_login_using_username_and_password(Login_Step.java:37)] - Details are given
2020-04-10 01:36:14.379 DEBUG [main] [naukri_Step.searchjob_stepdefinition] [open_the_browser_and_start_url] [naukri_Step.searchjob_stepdefinition.open_the_browser_and_start_url(searchjob_stepdefinition.java:30)] - launch the Naukri
2020-04-10 01:36:14.629 ERROR [main] [naukri_Step.searchjob_stepdefinition] [user_can_click_on_the_job] [naukri_Step.searchjob_stepdefinition.user_can_click_on_the_job(searchjob_stepdefinition.java:37)] - search job
2020-04-10 01:36:15.161 ERROR [main] [naukri_Step.searchjob_stepdefinition] [enter_the_job_and_location_fields] [naukri_Step.searchjob_stepdefinition.enter_the_job_and_location_fields(searchjob_stepdefinition.java:43)] - Details are Given
2020-04-10 03:17:32.004 DEBUG [main] [naukri_Step.searchjob_stepdefinition] [open_the_browser_and_start_url] [naukri_Step.searchjob_stepdefinition.open_the_browser_and_start_url(searchjob_stepdefinition.java:30)] - launch the Naukri
2020-04-10 03:17:33.240 ERROR [main] [naukri_Step.searchjob_stepdefinition] [user_can_click_on_the_job] [naukri_Step.searchjob_stepdefinition.user_can_click_on_the_job(searchjob_stepdefinition.java:37)] - search job
2020-04-10 03:17:35.072 ERROR [main] [naukri_Step.searchjob_stepdefinition] [enter_the_job_and_location_fields] [naukri_Step.searchjob_stepdefinition.enter_the_job_and_location_fields(searchjob_stepdefinition.java:43)] - Details are Given
2020-04-10 04:46:53.794 INFO [main] [com.Login_page] [user_launch_the_naukri_application] [naukri_Step.Login_Step.user_launch_the_naukri_application(Login_Step.java:23)] - Chrome Browser launches
2020-04-10 04:46:54.119 INFO [main] [com.Login_page] [user_enters_the_valid_username] [naukri_Step.Login_Step.user_enters_the_valid_username(Login_Step.java:32)] - website launched
2020-04-10 04:46:57.866 INFO [main] [com.Login_page] [click_on_the_login_button_user_nagivate_to_the_next_page] [naukri_Step.Login_Step.click_on_the_login_button_user_nagivate_to_the_next_page(Login_Step.java:47)] - login successfully
2020-04-10 04:46:59.584 INFO [main] [com.Login_page] [click_on_the_login_button_user_nagivate_to_the_next_page] [naukri_Step.Login_Step.click_on_the_login_button_user_nagivate_to_the_next_page(Login_Step.java:50)] - Screenshot is taken successfully
2020-04-10 04:49:09.730 INFO [main] [com.Login_page] [user_launch_the_naukri_application] [naukri_Step.Login_Step.user_launch_the_naukri_application(Login_Step.java:23)] - Chrome Browser launches
2020-04-10 04:49:10.196 INFO [main] [com.Login_page] [user_enters_the_valid_username] [naukri_Step.Login_Step.user_enters_the_valid_username(Login_Step.java:32)] - website launched
2020-04-10 04:49:12.480 INFO [main] [com.Login_page] [click_on_the_login_button_user_nagivate_to_the_next_page] [naukri_Step.Login_Step.click_on_the_login_button_user_nagivate_to_the_next_page(Login_Step.java:47)] - login successfully
2020-04-10 04:49:13.891 INFO [main] [com.Login_page] [click_on_the_login_button_user_nagivate_to_the_next_page] [naukri_Step.Login_Step.click_on_the_login_button_user_nagivate_to_the_next_page(Login_Step.java:50)] - Screenshot is taken successfully
2020-04-10 05:07:47.076 INFO [main] [naukri_Step.Logout_Step] [open_chrome_and_naukri_application] [naukri_Step.Logout_Step.open_chrome_and_naukri_application(Logout_Step.java:23)] - Chrome Browser launches
2020-04-10 05:07:48.517 INFO [main] [naukri_Step.Logout_Step] [user_enters_username_and_password] [naukri_Step.Logout_Step.user_enters_username_and_password(Logout_Step.java:30)] - website launched
2020-04-10 05:07:54.781 INFO [main] [naukri_Step.Logout_Step] [select_logout_option] [naukri_Step.Logout_Step.select_logout_option(Logout_Step.java:46)] - login successfully
2020-04-10 05:07:55.862 INFO [main] [naukri_Step.Logout_Step] [select_logout_option] [naukri_Step.Logout_Step.select_logout_option(Logout_Step.java:49)] - Screenshot is taken successfully
2020-04-10 05:11:04.183 INFO [main] [naukri_Step.Logout_Step] [open_chrome_and_naukri_application] [naukri_Step.Logout_Step.open_chrome_and_naukri_application(Logout_Step.java:23)] - Chrome Browser launches
2020-04-10 05:11:06.991 INFO [main] [naukri_Step.Logout_Step] [user_enters_username_and_password] [naukri_Step.Logout_Step.user_enters_username_and_password(Logout_Step.java:30)] - website launched
2020-04-10 05:11:08.617 INFO [main] [naukri_Step.Logout_Step] [select_logout_option] [naukri_Step.Logout_Step.select_logout_option(Logout_Step.java:46)] - login successfully
2020-04-10 05:11:08.617 INFO [main] [naukri_Step.Logout_Step] [select_logout_option] [naukri_Step.Logout_Step.select_logout_option(Logout_Step.java:47)] - Screenshot is taken successfully
2020-04-10 05:13:42.586 INFO [main] [naukri_Step.Logout_Step] [open_chrome_and_naukri_application] [naukri_Step.Logout_Step.open_chrome_and_naukri_application(Logout_Step.java:23)] - Chrome Browser launches
2020-04-10 05:13:43.313 INFO [main] [naukri_Step.Logout_Step] [user_enters_username_and_password] [naukri_Step.Logout_Step.user_enters_username_and_password(Logout_Step.java:30)] - website launched
2020-04-10 05:13:45.594 INFO [main] [naukri_Step.Logout_Step] [select_logout_option] [naukri_Step.Logout_Step.select_logout_option(Logout_Step.java:46)] - login successfully
2020-04-10 05:13:45.595 INFO [main] [naukri_Step.Logout_Step] [select_logout_option] [naukri_Step.Logout_Step.select_logout_option(Logout_Step.java:47)] - Screenshot is taken successfully
2020-04-10 05:30:35.017 INFO [main] [naukri_Step.searchjob_stepdefinition] [open_the_browser_and_start_url] [naukri_Step.searchjob_stepdefinition.open_the_browser_and_start_url(searchjob_stepdefinition.java:33)] - Chrome Browser launches
2020-04-10 05:37:22.186 INFO [main] [naukri_Step.searchjob_stepdefinition] [open_the_browser_and_start_url] [naukri_Step.searchjob_stepdefinition.open_the_browser_and_start_url(searchjob_stepdefinition.java:33)] - Chrome Browser launches
2020-04-10 05:37:24.519 INFO [main] [naukri_Step.searchjob_stepdefinition] [user_can_click_on_the_job] [naukri_Step.searchjob_stepdefinition.user_can_click_on_the_job(searchjob_stepdefinition.java:41)] - search option is selected
2020-04-10 05:37:25.581 INFO [main] [naukri_Step.searchjob_stepdefinition] [select_search_field] [naukri_Step.searchjob_stepdefinition.select_search_field(searchjob_stepdefinition.java:56)] - job search is done
2020-04-10 06:47:33.263 INFO [main] [com.Login_page] [user_launch_the_naukri_application] [naukri_Step.Login_Step.user_launch_the_naukri_application(Login_Step.java:23)] - Chrome Browser launches
2020-04-10 06:47:33.704 INFO [main] [com.Login_page] [user_enters_the_valid_username] [naukri_Step.Login_Step.user_enters_the_valid_username(Login_Step.java:32)] - website launched
2020-04-10 06:47:38.908 INFO [main] [com.Login_page] [click_on_the_login_button_user_nagivate_to_the_next_page] [naukri_Step.Login_Step.click_on_the_login_button_user_nagivate_to_the_next_page(Login_Step.java:47)] - login successfully
2020-04-10 06:47:40.267 INFO [main] [com.Login_page] [click_on_the_login_button_user_nagivate_to_the_next_page] [naukri_Step.Login_Step.click_on_the_login_button_user_nagivate_to_the_next_page(Login_Step.java:50)] - Screenshot is taken successfully
2020-04-10 07:31:54.048 INFO [main] [com.Login_page] [lauch_browser_and_start_app] [naukri_Step.Applyjob_step.lauch_browser_and_start_app(Applyjob_step.java:32)] - Chrome Browser launches
2020-04-10 07:32:07.972 INFO [main] [com.Login_page] [view_the_required_job] [naukri_Step.Applyjob_step.view_the_required_job(Applyjob_step.java:50)] - search completed
2020-04-10 07:32:18.172 INFO [main] [com.Login_page] [apply_for_it] [naukri_Step.Applyjob_step.apply_for_it(Applyjob_step.java:67)] - applied for job
2020-04-10 07:52:58.921 INFO [main] [com.Profileupdate] [launch_the_chrome_browser_and_the_url] [naukri_Step.Profileupdate_Step.launch_the_chrome_browser_and_the_url(Profileupdate_Step.java:27)] - Chrome Browser launches
2020-04-10 07:53:02.517 INFO [main] [com.Profileupdate] [enter_valid_details_such_as_username_and_password] [naukri_Step.Profileupdate_Step.enter_valid_details_such_as_username_and_password(Profileupdate_Step.java:38)] - login successfully
2020-04-10 07:53:13.801 INFO [main] [com.Profileupdate] [user_selects_the_profile_update_option] [naukri_Step.Profileupdate_Step.user_selects_the_profile_update_option(Profileupdate_Step.java:46)] - profile is opened
2020-04-10 07:53:26.192 INFO [main] [com.Profileupdate] [verify_the_email] [naukri_Step.Profileupdate_Step.verify_the_email(Profileupdate_Step.java:58)] - mail verfication is done
2020-04-10 10:15:54.692 INFO [main] [com.Login_page] [lauch_browser_and_start_app] [naukri_Step.Applyjob_step.lauch_browser_and_start_app(Applyjob_step.java:32)] - Chrome Browser launches
2020-04-10 10:26:30.978 INFO [main] [com.Login_page] [user_launch_the_naukri_application] [naukri_Step.Login_Step.user_launch_the_naukri_application(Login_Step.java:23)] - Chrome Browser launches
2020-04-10 10:26:32.016 INFO [main] [com.Login_page] [user_enters_the_valid_username] [naukri_Step.Login_Step.user_enters_the_valid_username(Login_Step.java:32)] - website launched
2020-04-10 10:26:39.472 INFO [main] [com.Login_page] [click_on_the_login_button_user_nagivate_to_the_next_page] [naukri_Step.Login_Step.click_on_the_login_button_user_nagivate_to_the_next_page(Login_Step.java:47)] - login successfully
2020-04-10 10:26:40.960 INFO [main] [com.Login_page] [click_on_the_login_button_user_nagivate_to_the_next_page] [naukri_Step.Login_Step.click_on_the_login_button_user_nagivate_to_the_next_page(Login_Step.java:50)] - Screenshot is taken successfully
2020-04-10 10:27:10.787 INFO [main] [naukri_Step.Logout_Step] [open_chrome_and_naukri_application] [naukri_Step.Logout_Step.open_chrome_and_naukri_application(Logout_Step.java:23)] - Chrome Browser launches
2020-04-10 10:27:10.793 INFO [main] [naukri_Step.Logout_Step] [user_enters_username_and_password] [naukri_Step.Logout_Step.user_enters_username_and_password(Logout_Step.java:30)] - website launched
2020-04-10 10:27:14.524 INFO [main] [naukri_Step.Logout_Step] [select_logout_option] [naukri_Step.Logout_Step.select_logout_option(Logout_Step.java:46)] - login successfully
2020-04-10 10:27:14.525 INFO [main] [naukri_Step.Logout_Step] [select_logout_option] [naukri_Step.Logout_Step.select_logout_option(Logout_Step.java:47)] - Screenshot is taken successfully
2020-04-10 10:27:51.459 INFO [main] [naukri_Step.searchjob_stepdefinition] [open_the_browser_and_start_url] [naukri_Step.searchjob_stepdefinition.open_the_browser_and_start_url(searchjob_stepdefinition.java:33)] - Chrome Browser launches
2020-04-10 10:27:52.112 INFO [main] [naukri_Step.searchjob_stepdefinition] [user_can_click_on_the_job] [naukri_Step.searchjob_stepdefinition.user_can_click_on_the_job(searchjob_stepdefinition.java:41)] - search option is selected
2020-04-10 10:27:53.103 INFO [main] [naukri_Step.searchjob_stepdefinition] [select_search_field] [naukri_Step.searchjob_stepdefinition.select_search_field(searchjob_stepdefinition.java:56)] - job search is done
2020-04-10 10:30:36.275 INFO [main] [com.Login_page] [lauch_browser_and_start_app] [naukri_Step.Applyjob_step.lauch_browser_and_start_app(Applyjob_step.java:32)] - Chrome Browser launches
2020-04-10 10:30:57.387 INFO [main] [com.Login_page] [view_the_required_job] [naukri_Step.Applyjob_step.view_the_required_job(Applyjob_step.java:50)] - search completed
2020-04-10 10:31:26.135 INFO [main] [com.Login_page] [apply_for_it] [naukri_Step.Applyjob_step.apply_for_it(Applyjob_step.java:67)] - applied for job
2020-04-10 10:33:08.320 INFO [main] [com.Profileupdate] [launch_the_chrome_browser_and_the_url] [naukri_Step.Profileupdate_Step.launch_the_chrome_browser_and_the_url(Profileupdate_Step.java:27)] - Chrome Browser launches
2020-04-10 10:33:11.078 INFO [main] [com.Profileupdate] [enter_valid_details_such_as_username_and_password] [naukri_Step.Profileupdate_Step.enter_valid_details_such_as_username_and_password(Profileupdate_Step.java:38)] - login successfully
2020-04-10 10:39:03.972 INFO [main] [com.Profileupdate] [launch_the_chrome_browser_and_the_url] [naukri_Step.Profileupdate_Step.launch_the_chrome_browser_and_the_url(Profileupdate_Step.java:27)] - Chrome Browser launches
2020-04-10 10:39:09.500 INFO [main] [com.Profileupdate] [enter_valid_details_such_as_username_and_password] [naukri_Step.Profileupdate_Step.enter_valid_details_such_as_username_and_password(Profileupdate_Step.java:38)] - login successfully
2020-04-10 10:42:24.113 INFO [main] [com.Login_page] [user_launch_the_naukri_application] [naukri_Step.Login_Step.user_launch_the_naukri_application(Login_Step.java:23)] - Chrome Browser launches
2020-04-10 10:42:24.929 INFO [main] [com.Login_page] [user_enters_the_valid_username] [naukri_Step.Login_Step.user_enters_the_valid_username(Login_Step.java:32)] - website launched
2020-04-10 10:42:32.173 INFO [main] [com.Login_page] [click_on_the_login_button_user_nagivate_to_the_next_page] [naukri_Step.Login_Step.click_on_the_login_button_user_nagivate_to_the_next_page(Login_Step.java:47)] - login successfully
2020-04-10 10:42:33.165 INFO [main] [com.Login_page] [click_on_the_login_button_user_nagivate_to_the_next_page] [naukri_Step.Login_Step.click_on_the_login_button_user_nagivate_to_the_next_page(Login_Step.java:50)] - Screenshot is taken successfully
2020-04-10 21:24:52.277 INFO [main] [com.Login_page] [user_launch_the_naukri_application] [naukri_Step.Login_Step.user_launch_the_naukri_application(Login_Step.java:23)] - Chrome Browser launches
2020-04-10 21:24:53.378 INFO [main] [com.Login_page] [user_enters_the_valid_username] [naukri_Step.Login_Step.user_enters_the_valid_username(Login_Step.java:32)] - website launched
2020-04-10 21:25:04.403 INFO [main] [com.Login_page] [click_on_the_login_button_user_nagivate_to_the_next_page] [naukri_Step.Login_Step.click_on_the_login_button_user_nagivate_to_the_next_page(Login_Step.java:47)] - login successfully
2020-04-10 21:25:05.585 INFO [main] [com.Login_page] [click_on_the_login_button_user_nagivate_to_the_next_page] [naukri_Step.Login_Step.click_on_the_login_button_user_nagivate_to_the_next_page(Login_Step.java:50)] - Screenshot is taken successfully
2020-04-10 21:26:28.621 INFO [main] [com.Profileupdate] [launch_the_chrome_browser_and_the_url] [naukri_Step.Profileupdate_Step.launch_the_chrome_browser_and_the_url(Profileupdate_Step.java:27)] - Chrome Browser launches
2020-04-10 21:26:30.543 INFO [main] [com.Profileupdate] [enter_valid_details_such_as_username_and_password] [naukri_Step.Profileupdate_Step.enter_valid_details_such_as_username_and_password(Profileupdate_Step.java:38)] - login successfully
2020-04-10 21:28:17.890 INFO [main] [com.Profileupdate] [launch_the_chrome_browser_and_the_url] [naukri_Step.Profileupdate_Step.launch_the_chrome_browser_and_the_url(Profileupdate_Step.java:27)] - Chrome Browser launches
2020-04-10 21:28:20.827 INFO [main] [com.Profileupdate] [enter_valid_details_such_as_username_and_password] [naukri_Step.Profileupdate_Step.enter_valid_details_such_as_username_and_password(Profileupdate_Step.java:38)] - login successfully
2020-04-10 21:30:06.460 INFO [main] [com.Profileupdate] [launch_the_chrome_browser_and_the_url] [naukri_Step.Profileupdate_Step.launch_the_chrome_browser_and_the_url(Profileupdate_Step.java:27)] - Chrome Browser launches
2020-04-10 21:30:09.270 INFO [main] [com.Profileupdate] [enter_valid_details_such_as_username_and_password] [naukri_Step.Profileupdate_Step.enter_valid_details_such_as_username_and_password(Profileupdate_Step.java:38)] - login successfully
2020-04-10 21:32:05.772 INFO [main] [com.Profileupdate] [launch_the_chrome_browser_and_the_url] [naukri_Step.Profileupdate_Step.launch_the_chrome_browser_and_the_url(Profileupdate_Step.java:27)] - Chrome Browser launches
2020-04-10 21:32:07.851 INFO [main] [com.Profileupdate] [enter_valid_details_such_as_username_and_password] [naukri_Step.Profileupdate_Step.enter_valid_details_such_as_username_and_password(Profileupdate_Step.java:38)] - login successfully
2020-04-10 21:46:31.027 INFO [main] [com.Profileupdate] [launch_the_chrome_browser_and_the_url] [naukri_Step.Profileupdate_Step.launch_the_chrome_browser_and_the_url(Profileupdate_Step.java:27)] - Chrome Browser launches
2020-04-10 21:46:33.448 INFO [main] [com.Profileupdate] [enter_valid_details_such_as_username_and_password] [naukri_Step.Profileupdate_Step.enter_valid_details_such_as_username_and_password(Profileupdate_Step.java:38)] - login successfully
2020-04-10 21:49:38.017 INFO [main] [com.Profileupdate] [launch_the_chrome_browser_and_the_url] [naukri_Step.Profileupdate_Step.launch_the_chrome_browser_and_the_url(Profileupdate_Step.java:27)] - Chrome Browser launches
2020-04-10 21:49:39.549 INFO [main] [com.Profileupdate] [enter_valid_details_such_as_username_and_password] [naukri_Step.Profileupdate_Step.enter_valid_details_such_as_username_and_password(Profileupdate_Step.java:38)] - login successfully
2020-04-10 21:50:50.840 INFO [main] [com.Login_page] [user_launch_the_naukri_application] [naukri_Step.Login_Step.user_launch_the_naukri_application(Login_Step.java:23)] - Chrome Browser launches
2020-04-10 21:50:51.097 INFO [main] [com.Login_page] [user_enters_the_valid_username] [naukri_Step.Login_Step.user_enters_the_valid_username(Login_Step.java:32)] - website launched
2020-04-10 21:50:53.877 INFO [main] [com.Login_page] [click_on_the_login_button_user_nagivate_to_the_next_page] [naukri_Step.Login_Step.click_on_the_login_button_user_nagivate_to_the_next_page(Login_Step.java:47)] - login successfully
2020-04-10 21:50:55.241 INFO [main] [com.Login_page] [click_on_the_login_button_user_nagivate_to_the_next_page] [naukri_Step.Login_Step.click_on_the_login_button_user_nagivate_to_the_next_page(Login_Step.java:50)] - Screenshot is taken successfully
2020-04-10 21:53:57.668 INFO [main] [com.Profileupdate] [launch_the_chrome_browser_and_the_url] [naukri_Step.Profileupdate_Step.launch_the_chrome_browser_and_the_url(Profileupdate_Step.java:27)] - Chrome Browser launches
2020-04-10 21:54:02.016 INFO [main] [com.Profileupdate] [enter_valid_details_such_as_username_and_password] [naukri_Step.Profileupdate_Step.enter_valid_details_such_as_username_and_password(Profileupdate_Step.java:38)] - login successfully
2020-04-10 21:54:15.471 INFO [main] [com.Profileupdate] [user_selects_the_profile_update_option] [naukri_Step.Profileupdate_Step.user_selects_the_profile_update_option(Profileupdate_Step.java:46)] - profile is opened
2020-04-10 21:54:21.087 INFO [main] [com.Profileupdate] [verify_the_email] [naukri_Step.Profileupdate_Step.verify_the_email(Profileupdate_Step.java:58)] - mail verfication is done
2020-04-10 21:57:06.118 INFO [main] [naukri_Step.searchjob_stepdefinition] [open_the_browser_and_start_url] [naukri_Step.searchjob_stepdefinition.open_the_browser_and_start_url(searchjob_stepdefinition.java:34)] - Chrome Browser launches
2020-04-10 21:57:07.626 INFO [main] [naukri_Step.searchjob_stepdefinition] [user_can_click_on_the_job] [naukri_Step.searchjob_stepdefinition.user_can_click_on_the_job(searchjob_stepdefinition.java:42)] - search option is selected
2020-04-10 21:57:08.845 INFO [main] [naukri_Step.searchjob_stepdefinition] [select_search_field] [naukri_Step.searchjob_stepdefinition.select_search_field(searchjob_stepdefinition.java:57)] - job search is done
2020-04-10 21:59:44.689 INFO [main] [naukri_Step.searchjob_stepdefinition] [open_the_browser_and_start_url] [naukri_Step.searchjob_stepdefinition.open_the_browser_and_start_url(searchjob_stepdefinition.java:34)] - Chrome Browser launches
2020-04-10 21:59:47.297 INFO [main] [naukri_Step.searchjob_stepdefinition] [user_can_click_on_the_job] [naukri_Step.searchjob_stepdefinition.user_can_click_on_the_job(searchjob_stepdefinition.java:42)] - search option is selected
2020-04-10 21:59:51.550 INFO [main] [naukri_Step.searchjob_stepdefinition] [select_search_field] [naukri_Step.searchjob_stepdefinition.select_search_field(searchjob_stepdefinition.java:59)] - job search is done
2020-04-10 22:02:27.841 INFO [main] [com.Login_page] [user_launch_the_naukri_application] [naukri_Step.Login_Step.user_launch_the_naukri_application(Login_Step.java:23)] - Chrome Browser launches
2020-04-10 22:02:28.100 INFO [main] [com.Login_page] [user_enters_the_valid_username] [naukri_Step.Login_Step.user_enters_the_valid_username(Login_Step.java:32)] - website launched
2020-04-10 22:02:31.235 INFO [main] [com.Login_page] [click_on_the_login_button_user_nagivate_to_the_next_page] [naukri_Step.Login_Step.click_on_the_login_button_user_nagivate_to_the_next_page(Login_Step.java:48)] - login successfully
2020-04-10 22:02:31.728 INFO [main] [com.Login_page] [click_on_the_login_button_user_nagivate_to_the_next_page] [naukri_Step.Login_Step.click_on_the_login_button_user_nagivate_to_the_next_page(Login_Step.java:51)] - Screenshot is taken successfully
2020-04-10 22:19:23.908 INFO [main] [com.Login_page] [user_launch_the_naukri_application] [naukri_Step.Login_Step.user_launch_the_naukri_application(Login_Step.java:23)] - Chrome Browser launches
2020-04-10 22:19:24.446 INFO [main] [com.Login_page] [user_enters_the_valid_username] [naukri_Step.Login_Step.user_enters_the_valid_username(Login_Step.java:32)] - website launched
2020-04-10 22:19:35.023 INFO [main] [com.Login_page] [click_on_the_login_button_user_nagivate_to_the_next_page] [naukri_Step.Login_Step.click_on_the_login_button_user_nagivate_to_the_next_page(Login_Step.java:48)] - login successfully
2020-04-10 22:19:35.609 INFO [main] [com.Login_page] [click_on_the_login_button_user_nagivate_to_the_next_page] [naukri_Step.Login_Step.click_on_the_login_button_user_nagivate_to_the_next_page(Login_Step.java:51)] - Screenshot is taken successfully
2020-04-10 22:20:04.808 INFO [main] [naukri_Step.Logout_Step] [open_chrome_and_naukri_application] [naukri_Step.Logout_Step.open_chrome_and_naukri_application(Logout_Step.java:23)] - Chrome Browser launches
2020-04-10 22:20:04.813 INFO [main] [naukri_Step.Logout_Step] [user_enters_username_and_password] [naukri_Step.Logout_Step.user_enters_username_and_password(Logout_Step.java:30)] - website launched
2020-04-10 22:20:15.515 INFO [main] [naukri_Step.Logout_Step] [select_logout_option] [naukri_Step.Logout_Step.select_logout_option(Logout_Step.java:46)] - login successfully
2020-04-10 22:20:15.516 INFO [main] [naukri_Step.Logout_Step] [select_logout_option] [naukri_Step.Logout_Step.select_logout_option(Logout_Step.java:47)] - Screenshot is taken successfully
2020-04-10 22:20:40.909 INFO [main] [naukri_Step.searchjob_stepdefinition] [open_the_browser_and_start_url] [naukri_Step.searchjob_stepdefinition.open_the_browser_and_start_url(searchjob_stepdefinition.java:34)] - Chrome Browser launches
2020-04-10 22:20:41.464 INFO [main] [naukri_Step.searchjob_stepdefinition] [user_can_click_on_the_job] [naukri_Step.searchjob_stepdefinition.user_can_click_on_the_job(searchjob_stepdefinition.java:42)] - search option is selected
2020-04-10 22:20:42.733 INFO [main] [naukri_Step.searchjob_stepdefinition] [select_search_field] [naukri_Step.searchjob_stepdefinition.select_search_field(searchjob_stepdefinition.java:59)] - job search is done
2020-04-10 22:21:10.424 INFO [main] [com.Login_page] [lauch_browser_and_start_app] [naukri_Step.Applyjob_step.lauch_browser_and_start_app(Applyjob_step.java:32)] - Chrome Browser launches
2020-04-10 22:21:16.776 INFO [main] [com.Login_page] [view_the_required_job] [naukri_Step.Applyjob_step.view_the_required_job(Applyjob_step.java:50)] - search completed
2020-04-10 22:21:29.863 INFO [main] [com.Login_page] [apply_for_it] [naukri_Step.Applyjob_step.apply_for_it(Applyjob_step.java:67)] - applied for job
2020-04-10 22:22:32.638 INFO [main] [com.Profileupdate] [launch_the_chrome_browser_and_the_url] [naukri_Step.Profileupdate_Step.launch_the_chrome_browser_and_the_url(Profileupdate_Step.java:27)] - Chrome Browser launches
2020-04-10 22:22:35.650 INFO [main] [com.Profileupdate] [enter_valid_details_such_as_username_and_password] [naukri_Step.Profileupdate_Step.enter_valid_details_such_as_username_and_password(Profileupdate_Step.java:38)] - login successfully
2020-04-10 22:22:46.454 INFO [main] [com.Profileupdate] [user_selects_the_profile_update_option] [naukri_Step.Profileupdate_Step.user_selects_the_profile_update_option(Profileupdate_Step.java:46)] - profile is opened
2020-04-10 22:23:49.734 INFO [main] [com.Profileupdate] [verify_the_email] [naukri_Step.Profileupdate_Step.verify_the_email(Profileupdate_Step.java:56)] - mail verfication is done
